Started GET "/" for ::1 at 2019-12-08 00:28:03 +0500
  
ActiveRecord::NoDatabaseError (FATAL:  database "accounting-management-system_development" does not exist
):
  
activerecord (5.2.4) lib/active_record/connection_adapters/postgresql_adapter.rb:696:in `rescue in connect'
activerecord (5.2.4) lib/active_record/connection_adapters/postgresql_adapter.rb:691:in `connect'
activerecord (5.2.4) lib/active_record/connection_adapters/postgresql_adapter.rb:223:in `initialize'
activerecord (5.2.4) lib/active_record/connection_adapters/postgresql_adapter.rb:48:in `new'
activerecord (5.2.4) lib/active_record/connection_adapters/postgresql_adapter.rb:48:in `postgresql_connection'
activerecord (5.2.4) lib/active_record/connection_adapters/abstract/connection_pool.rb:830:in `new_connection'
activerecord (5.2.4) lib/active_record/connection_adapters/abstract/connection_pool.rb:874:in `checkout_new_connection'
activerecord (5.2.4) lib/active_record/connection_adapters/abstract/connection_pool.rb:853:in `try_to_checkout_new_connection'
activerecord (5.2.4) lib/active_record/connection_adapters/abstract/connection_pool.rb:814:in `acquire_connection'
activerecord (5.2.4) lib/active_record/connection_adapters/abstract/connection_pool.rb:538:in `checkout'
activerecord (5.2.4) lib/active_record/connection_adapters/abstract/connection_pool.rb:382:in `connection'
activerecord (5.2.4) lib/active_record/connection_adapters/abstract/connection_pool.rb:1033:in `retrieve_connection'
activerecord (5.2.4) lib/active_record/connection_handling.rb:118:in `retrieve_connection'
activerecord (5.2.4) lib/active_record/connection_handling.rb:90:in `connection'
activerecord (5.2.4) lib/active_record/migration.rb:554:in `call'
actionpack (5.2.4) lib/action_dispatch/middleware/callbacks.rb:28:in `block in call'
activesupport (5.2.4) lib/active_support/callbacks.rb:98:in `run_callbacks'
actionpack (5.2.4) lib/action_dispatch/middleware/callbacks.rb:26:in `call'
actionpack (5.2.4) lib/action_dispatch/middleware/executor.rb:14:in `call'
actionpack (5.2.4) lib/action_dispatch/middleware/debug_exceptions.rb:61:in `call'
web-console (3.7.0) lib/web_console/middleware.rb:135:in `call_app'
web-console (3.7.0) lib/web_console/middleware.rb:30:in `block in call'
web-console (3.7.0) lib/web_console/middleware.rb:20:in `catch'
web-console (3.7.0) lib/web_console/middleware.rb:20:in `call'
actionpack (5.2.4) lib/action_dispatch/middleware/show_exceptions.rb:33:in `call'
railties (5.2.4) lib/rails/rack/logger.rb:38:in `call_app'
railties (5.2.4) lib/rails/rack/logger.rb:26:in `block in call'
activesupport (5.2.4) lib/active_support/tagged_logging.rb:71:in `block in tagged'
activesupport (5.2.4) lib/active_support/tagged_logging.rb:28:in `tagged'
activesupport (5.2.4) lib/active_support/tagged_logging.rb:71:in `tagged'
railties (5.2.4) lib/rails/rack/logger.rb:26:in `call'
sprockets-rails (3.2.1) lib/sprockets/rails/quiet_assets.rb:13:in `call'
actionpack (5.2.4) lib/action_dispatch/middleware/remote_ip.rb:81:in `call'
actionpack (5.2.4) lib/action_dispatch/middleware/request_id.rb:27:in `call'
rack (2.0.7) lib/rack/method_override.rb:22:in `call'
rack (2.0.7) lib/rack/runtime.rb:22:in `call'
activesupport (5.2.4) lib/active_support/cache/strategy/local_cache_middleware.rb:29:in `call'
actionpack (5.2.4) lib/action_dispatch/middleware/executor.rb:14:in `call'
actionpack (5.2.4) lib/action_dispatch/middleware/static.rb:127:in `call'
rack (2.0.7) lib/rack/sendfile.rb:111:in `call'
railties (5.2.4) lib/rails/engine.rb:524:in `call'
puma (3.12.2) lib/puma/configuration.rb:227:in `call'
puma (3.12.2) lib/puma/server.rb:674:in `handle_request'
puma (3.12.2) lib/puma/server.rb:476:in `process_client'
puma (3.12.2) lib/puma/server.rb:334:in `block in run'
puma (3.12.2) lib/puma/thread_pool.rb:135:in `block in spawn_thread'
  [1m[35m (1042.1ms)[0m  [1m[35mCREATE DATABASE "accounting-management-system_development" ENCODING = 'unicode'[0m
  ↳ bin/rails:9
  [1m[35m (610.3ms)[0m  [1m[35mCREATE DATABASE "accounting-management-system_test" ENCODING = 'unicode'[0m
  ↳ bin/rails:9
Started GET "/" for ::1 at 2019-12-08 00:28:21 +0500
Processing by Rails::WelcomeController#index as HTML
  Rendering /home/awais/.rvm/gems/ruby-2.5.1/gems/railties-5.2.4/lib/rails/templates/rails/welcome/index.html.erb
  Rendered /home/awais/.rvm/gems/ruby-2.5.1/gems/railties-5.2.4/lib/rails/templates/rails/welcome/index.html.erb (1.9ms)
Completed 200 OK in 12ms (Views: 3.1ms | ActiveRecord: 0.0ms)


Started GET "/" for ::1 at 2019-12-08 00:33:52 +0500
Processing by Rails::WelcomeController#index as HTML
  Rendering /home/awais/.rvm/gems/ruby-2.5.1/gems/railties-5.2.4/lib/rails/templates/rails/welcome/index.html.erb
  Rendered /home/awais/.rvm/gems/ruby-2.5.1/gems/railties-5.2.4/lib/rails/templates/rails/welcome/index.html.erb (9.8ms)
Completed 200 OK in 18ms (Views: 13.4ms | ActiveRecord: 0.0ms)


  [1m[35m (103.8ms)[0m  [1m[35mCREATE TABLE "schema_migrations" ("version" character varying NOT NULL PRIMARY KEY)[0m
  ↳ bin/rails:9
  [1m[35m (105.1ms)[0m  [1m[35mCREATE TABLE "ar_internal_metadata" ("key" character varying NOT NULL PRIMARY KEY, "value" character varying, "created_at" timestamp NOT NULL, "updated_at" timestamp NOT NULL)[0m
  ↳ bin/rails:9
  [1m[35m (0.7ms)[0m  [1m[34mSELECT pg_try_advisory_lock(181299037416211365)[0m
  ↳ bin/rails:9
  [1m[35m (1.5ms)[0m  [1m[34mSELECT "schema_migrations"."version" FROM "schema_migrations" ORDER BY "schema_migrations"."version" ASC[0m
  ↳ bin/rails:9
Migrating to CreateJournals (20191207194329)
  [1m[35m (0.2ms)[0m  [1m[35mBEGIN[0m
  ↳ bin/rails:9
  [1m[35m (80.5ms)[0m  [1m[35mCREATE TABLE "journals" ("id" bigserial primary key, "reference" character varying, "date" character varying, "summary" character varying, "amount" bigint, "created_at" timestamp NOT NULL, "updated_at" timestamp NOT NULL)[0m
  ↳ db/migrate/20191207194329_create_journals.rb:3
  [1m[36mActiveRecord::SchemaMigration Create (0.9ms)[0m  [1m[32mINSERT INTO "schema_migrations" ("version") VALUES ($1) RETURNING "version"[0m  [["version", "20191207194329"]]
  ↳ bin/rails:9
  [1m[35m (18.1ms)[0m  [1m[35mCOMMIT[0m
  ↳ bin/rails:9
  [1m[36mActiveRecord::InternalMetadata Load (0.6ms)[0m  [1m[34mSELECT  "ar_internal_metadata".* FROM "ar_internal_metadata" WHERE "ar_internal_metadata"."key" = $1 LIMIT $2[0m  [["key", "environment"], ["LIMIT", 1]]
  ↳ bin/rails:9
  [1m[35m (0.2ms)[0m  [1m[35mBEGIN[0m
  ↳ bin/rails:9
  [1m[36mActiveRecord::InternalMetadata Create (0.4ms)[0m  [1m[32mINSERT INTO "ar_internal_metadata" ("key", "value", "created_at", "updated_at") VALUES ($1, $2, $3, $4) RETURNING "key"[0m  [["key", "environment"], ["value", "development"], ["created_at", "2019-12-07 19:44:08.892404"], ["updated_at", "2019-12-07 19:44:08.892404"]]
  ↳ bin/rails:9
  [1m[35m (6.3ms)[0m  [1m[35mCOMMIT[0m
  ↳ bin/rails:9
  [1m[35m (0.2ms)[0m  [1m[34mSELECT pg_advisory_unlock(181299037416211365)[0m
  ↳ bin/rails:9
  [1m[35m (0.2ms)[0m  [1m[34mSELECT "schema_migrations"."version" FROM "schema_migrations" ORDER BY "schema_migrations"."version" ASC[0m
  ↳ bin/rails:9
